<?xml version="1.0" encoding="UTF-8"?>
<!-- Generated by org.testng.reporters.JUnitReportReporter -->
<testsuite skipped="0" hostname="LAPTOP-CLV7BTSN" name="com.TY.RMG.Projects.UpdateProjectTest" tests="1" failures="0" timestamp="2021-08-03T13:15:42 IST" time="0.019" errors="0">
  <testcase name="updateProjectTest" time="0.019" classname="com.TY.RMG.Projects.UpdateProjectTest"/>
  <system-out/>
</testsuite> <!-- com.TY.RMG.Projects.UpdateProjectTest -->
